<?xml version="1.0" encoding="UTF-8"?>
<!-- Generated by org.testng.reporters.JUnitReportReporter -->
<testsuite hostname="DESKTOP-1H5GCMD" failures="0" tests="1" name="org.pom_TestCases.LoginPageTestCases" time="22.192" errors="0" timestamp="2023-07-06T21:10:54 IST" skipped="0">
  <testcase classname="org.pom_TestCases.LoginPageTestCases" name="verifyLoginPage" time="22.192"/>
  <system-out/>
</testsuite> <!-- org.pom_TestCases.LoginPageTestCases -->
